<?xml version="1.0" encoding="UTF-8"?>
<!-- Generated by org.testng.reporters.JUnitReportReporter -->
<testsuite hostname="LAPTOP-6ETMCADA" failures="0" tests="1" name="TestLayer.LoginPage" time="0.370" errors="0" timestamp="2024-07-17T17:51:16 IST" skipped="0">
  <testcase classname="TestLayer.LoginPage" name="validate" time="0.370"/>
  <system-out/>
</testsuite> <!-- TestLayer.LoginPage -->
